********************************************************************************
DUPLICATOR-LITE PACKAGE-LOG: 07.06.2018 08:04
NOTICE: Do NOT post to public sites or forums 
********************************************************************************
VERSION:	1.2.40
WORDPRESS:	4.9.6
PHP INFO:	7.1.18 | SAPI: cgi-fcgi
SERVER:		Apache 
PHP TIME LIMIT: (0) no time limit imposed 
PHP MAX MEMORY: 2048M (96M default) 
MEMORY STACK: 4MB 

********************************************************************************
DATABASE:
********************************************************************************
BUILD MODE:   MYSQLDUMP
MYSQLTIMEOUT: 5000
MYSQLDUMP:    Is Supported 
FILTERED: [] 
RESPONSE: mysqldump: [Warning] Using a password on the command line interface can be insecure.
 
TABLES: total:15 | filtered:0 | create:15 
SQL CREATED: 20180606_carehome_FINAL_5bc967e2b7a4f8682625180607080416_database.sql 
SQL FILE SIZE: 977.28KB (1000738) 
SQL FILE TIME: 2018-06-07 08:04:20 
SQL RUNTIME: 0.43 sec. 

******************************************************************************** 
ARCHIVE (ZIP): 
******************************************************************************** 
ARCHIVE DIR:  /usr/www/users/carehoz 
ARCHIVE FILE: 20180606_carehome_FINAL_5bc967e2b7a4f8682625180607080416_archive.zip 
FILTERS: *OFF* 
DIRS:
	not set 
FILES:
	not set 
EXTS:  not set 
---------------------------------------- 
COMPRESSING 
SIZE:	59.14MB 
STATS:	Dirs 323 | Files 3,053 
SQL ADDED: 20180606_carehome_FINAL_5bc967e2b7a4f8682625180607080416_database.sql 
ZipArchive Object
(
    [status] => 0
    [statusSys] => 0
    [numFiles] => 3376
    [filename] => /usr/www/users/carehoz/wp-snapshots/tmp/20180606_carehome_FINAL_5bc967e2b7a4f8682625180607080416_archive.zip
    [comment] => 
)
 
COMPRESSION RESULT: '1' 
COMPRESSED SIZE: 25.55MB 
ARCHIVE RUNTIME: 3.66 sec. 
MEMORY STACK: 4MB 

******************************************************************************** 
MAKE INSTALLER: 
******************************************************************************** 
Build Start 
Build Finished 
Preping for use 
PACK SIZE:  
Template parsed with new data 
Complete [/usr/www/users/carehoz/wp-snapshots/tmp/20180606_carehome_FINAL_5bc967e2b7a4f8682625180607080416_installer.php] 
Added to archive 

******************************************************************************** 
INTEGRITY CHECKS: 
******************************************************************************** 
SQL File: 977.28KB 
Installer File: 445.88KB 
Archive File: 25.55MB  

********************************************************************************
RECORD ID:[3]
TOTAL PROCESS RUNTIME: 4.55 sec.
PEAK PHP MEMORY USED: 6MB
DONE PROCESSING => 20180606_carehome_FINAL 07.06.2018 08:04
 
